Total simulation time = 63.383760938s
Options = Opt { own_list_size: 25, num_iter: 100 }
Average proof generation time = 314.944782ms
Average proof verification time = 318.892265ms
Total simulation time = 127.415045014s
Options = Opt { own_list_size: 50, num_iter: 100 }
Average proof generation time = 630.542826ms
Average proof verification time = 643.606913ms
Total simulation time = 189.565753764s
Options = Opt { own_list_size: 75, num_iter: 100 }
Average proof generation time = 940.229876ms
Average proof verification time = 955.426984ms
Total simulation time = 608.251060697s
Options = Opt { own_list_size: 250, num_iter: 100 }
Average proof generation time = 3.02101025s
Average proof verification time = 3.061499462s
Total simulation time = 1224.489156782s
Options = Opt { own_list_size: 500, num_iter: 100 }
Average proof generation time = 6.08010147s
Average proof verification time = 6.164789216s
Total simulation time = 1813.784645283s
Options = Opt { own_list_size: 750, num_iter: 100 }
Average proof generation time = 9.003301733s
Average proof verification time = 9.134544095s
Total simulation time = 5918.137524455s
Options = Opt { own_list_size: 2500, num_iter: 100 }
Average proof generation time = 29.358539318s
Average proof verification time = 29.822835321s
Total simulation time = 11602.509093041s
Options = Opt { own_list_size: 5000, num_iter: 100 }
Average proof generation time = 57.562719472s
Average proof verification time = 58.462370749s
Total simulation time = 17410.388139816s
Options = Opt { own_list_size: 7500, num_iter: 100 }
Average proof generation time = 86.325823116s
Average proof verification time = 87.778057592s
